Attaching 2 probes...

Top 32-bits of faulting address
  0x00007fc5: 1
  0x00005607: 1
  0x00007fcb: 2
  0x00007fb2: 1
  0x000055d0: 1
  0xff110010: 105
  0x00007f3a: 1
  0xffa00000: 61
  0x00007f52: 1
  0x00007f96: 1
  0x00007fe8: 1
  0x00007fd8: 1
  0x00007f79: 1
  0x000055c9: 3
  0x00007fd2: 1
  0x00007f1c: 7
  0x00007fed: 2
  0x00007f6a: 1
  0x00007f51: 1
  0x000055cc: 2
  0x00005651: 1
  0xff110001: 541327
  0x00000000: 20
  0x00007f53: 1
  0x00007f58: 1
  0x0000555b: 1
  0x00007faf: 1
  0x00007fc6: 1
  0x0000561d: 1
  0x00007f32: 1
  0x00007ffd: 13



@stack_counts[
        exc_page_fault+678
        exc_page_fault+678
        asm_exc_page_fault+38
        iowrite32+16
        nvkm_intr+131
        __handle_irq_event_percpu+74
        handle_irq_event+62
        handle_edge_irq+157
        __common_interrupt+62
        common_interrupt+241
        asm_common_interrupt+38
        __folio_throttle_swaprate+0
        shmem_add_to_page_cache+306
        shmem_alloc_and_add_folio+608
        shmem_get_folio_gfp+598
        shmem_fallocate+934
        vfs_fallocate+279
        __x64_sys_fallocate+68
        do_syscall_64+183
        entry_SYSCALL_64_after_hwframe+119
]: 1
@stack_counts[
        exc_page_fault+678
        exc_page_fault+678
        asm_exc_page_fault+38
        _copy_from_user+36
        bpf_prog_create_from_user+142
        do_seccomp+745
        __do_sys_prctl+1804
        do_syscall_64+183
        entry_SYSCALL_64_after_hwframe+119
]: 1
@stack_counts[
        exc_page_fault+678
        exc_page_fault+678
        asm_exc_page_fault+38
        nvme_poll_cq+717
        nvme_irq+65
        __handle_irq_event_percpu+74
        handle_irq_event+62
        handle_edge_irq+157
        __common_interrupt+62
        common_interrupt+241
        asm_common_interrupt+38
        __rcu_read_lock+23
        fdget_pos+197
        ksys_read+44
        do_syscall_64+183
        entry_SYSCALL_64_after_hwframe+119
]: 1
@stack_counts[
        exc_page_fault+678
        exc_page_fault+678
        asm_exc_page_fault+38
        igc_xmit_frame+2204
        dev_hard_start_xmit+97
        sch_direct_xmit+148
        __dev_queue_xmit+2511
        ip6_finish_output2+525
        ip6_finish_output+169
        ndisc_send_skb+439
        ndisc_send_ns+110
        ndisc_solicit+350
        neigh_probe+78
        neigh_timer_handler+597
        call_timer_fn+39
        __run_timer_base.part.0+508
        tmigr_handle_remote+975
        handle_softirqs+220
        irq_exit_rcu+164
        sysvec_apic_timer_interrupt+100
        asm_sysvec_apic_timer_interrupt+26
]: 1
@stack_counts[
        exc_page_fault+678
        exc_page_fault+678
        asm_exc_page_fault+38
        nvme_poll_cq+717
        nvme_irq+65
        __handle_irq_event_percpu+74
        handle_irq_event+62
        handle_edge_irq+157
        __common_interrupt+62
        common_interrupt+241
        asm_common_interrupt+38
        futex_hash+0
        futex_q_lock+23
        futex_wait_setup+117
        __futex_wait+318
        futex_wait+121
        do_futex+263
        __x64_sys_futex+299
        do_syscall_64+183
        entry_SYSCALL_64_after_hwframe+119
]: 1
@stack_counts[
        exc_page_fault+678
        exc_page_fault+678
        asm_exc_page_fault+38
        nvme_poll_cq+717
        nvme_irq+65
        __handle_irq_event_percpu+74
        handle_irq_event+62
        handle_edge_irq+157
        __common_interrupt+62
        common_interrupt+241
        asm_common_interrupt+38
        __handle_mm_fault+857
        handle_mm_fault+226
        do_user_addr_fault+542
        exc_page_fault+209
        asm_exc_page_fault+38
]: 1
@stack_counts[
        exc_page_fault+678
        exc_page_fault+678
        asm_exc_page_fault+38
        strncpy_from_user+97
        getname_flags.part.0+70
        do_readlinkat+103
        __x64_sys_readlink+30
        do_syscall_64+183
        entry_SYSCALL_64_after_hwframe+119
]: 1
@stack_counts[
        exc_page_fault+678
        exc_page_fault+678
        asm_exc_page_fault+38
        _copy_to_user+60
        __do_sys_prlimit64+391
        do_syscall_64+183
        entry_SYSCALL_64_after_hwframe+119
]: 1
@stack_counts[
        exc_page_fault+678
        exc_page_fault+678
        asm_exc_page_fault+38
        __check_block_validity.constprop.0+33
        ext4_map_blocks+736
        ext4_mpage_readpages+741
        read_pages+103
        page_cache_ra_unbounded+466
        filemap_fault+1718
        __do_fault+48
        do_fault+931
        __handle_mm_fault+1716
        handle_mm_fault+226
        do_user_addr_fault+542
        exc_page_fault+209
        asm_exc_page_fault+38
]: 1
@stack_counts[
        exc_page_fault+678
        exc_page_fault+678
        asm_exc_page_fault+38
        ext4_get_link+120
        step_into+1485
        path_openat+346
        do_filp_open+196
        do_sys_openat2+180
        __x64_sys_openat+85
        do_syscall_64+183
        entry_SYSCALL_64_after_hwframe+119
]: 1
@stack_counts[
        exc_page_fault+678
        exc_page_fault+678
        asm_exc_page_fault+38
        nvme_poll_cq+717
        nvme_irq+65
        __handle_irq_event_percpu+74
        handle_irq_event+62
        handle_edge_irq+157
        __common_interrupt+62
        common_interrupt+241
        asm_common_interrupt+38
        __rcu_read_unlock+0
        ephmap_put+147
        kernel_init_pages+201
        get_page_from_freelist+6055
        __alloc_pages_noprof+437
        alloc_pages_mpol_noprof+215
        folio_alloc_mpol_noprof+20
        vma_alloc_folio_noprof+105
        do_anonymous_page+1041
        __handle_mm_fault+3175
        handle_mm_fault+226
        do_user_addr_fault+542
        exc_page_fault+209
        asm_exc_page_fault+38
]: 1
@stack_counts[
        exc_page_fault+678
        exc_page_fault+678
        asm_exc_page_fault+38
        nvme_poll_cq+717
        nvme_irq+65
        __handle_irq_event_percpu+74
        handle_irq_event+62
        handle_edge_irq+157
        __common_interrupt+62
        common_interrupt+241
        asm_common_interrupt+38
        __handle_mm_fault+367
        handle_mm_fault+226
        do_user_addr_fault+542
        exc_page_fault+209
        asm_exc_page_fault+38
]: 1
@stack_counts[
        exc_page_fault+678
        exc_page_fault+678
        asm_exc_page_fault+38
        igc_rd32+35
        igc_update_stats+148
        igc_get_stats64+133
        dev_get_stats+95
        rtnl_fill_stats+59
        rtnl_fill_ifinfo.isra.0+1931
        rtnl_dump_ifinfo+1182
        rtnl_dumpit+133
        netlink_dump+424
        __netlink_dump_start+491
        rtnetlink_rcv_msg+694
        netlink_rcv_skb+80
        netlink_unicast+589
        netlink_sendmsg+539
        __sys_sendto+494
        __x64_sys_sendto+36
        do_syscall_64+183
        entry_SYSCALL_64_after_hwframe+119
]: 1
@stack_counts[
        exc_page_fault+678
        exc_page_fault+678
        asm_exc_page_fault+38
        nvme_poll_cq+717
        nvme_irq+65
        __handle_irq_event_percpu+74
        handle_irq_event+62
        handle_edge_irq+157
        __common_interrupt+62
        common_interrupt+241
        asm_common_interrupt+38
        lock_vma_under_rcu+171
        do_user_addr_fault+474
        exc_page_fault+209
        asm_exc_page_fault+38
]: 1
@stack_counts[
        exc_page_fault+678
        exc_page_fault+678
        asm_exc_page_fault+38
        nvme_poll_cq+717
        nvme_irq+65
        __handle_irq_event_percpu+74
        handle_irq_event+62
        handle_edge_irq+157
        __common_interrupt+62
        common_interrupt+241
        asm_common_interrupt+38
        xas_start+163
        xas_load+13
        filemap_get_read_batch+108
        filemap_get_pages+164
        filemap_read+240
        vfs_read+679
        ksys_read+109
        do_syscall_64+183
        entry_SYSCALL_64_after_hwframe+119
]: 1
@stack_counts[
        exc_page_fault+678
        exc_page_fault+678
        asm_exc_page_fault+38
        lookup_nulls_elem_raw+29
        bpf_prog_e8932b6bae2b9745_restrict_filesystems+183
        bpf_trampoline_6442508211+88
        bpf_lsm_file_open+9
        security_file_open+287
        do_dentry_open+233
        vfs_open+46
        dentry_open+52
        pidfs_alloc_file+130
        pidfd_prepare+96
        __x64_sys_pidfd_open+162
        do_syscall_64+183
        entry_SYSCALL_64_after_hwframe+119
]: 1
@stack_counts[
        exc_page_fault+678
        exc_page_fault+678
        asm_exc_page_fault+38
        strncpy_from_user+97
        getname_flags.part.0+70
        __x64_sys_execve+28
        do_syscall_64+183
        entry_SYSCALL_64_after_hwframe+119
]: 1
@stack_counts[
        exc_page_fault+678
        exc_page_fault+678
        asm_exc_page_fault+38
        ext4_statfs+90
        statfs_by_dentry+100
        fd_statfs+51
        __do_sys_fstatfs+48
        do_syscall_64+183
        entry_SYSCALL_64_after_hwframe+119
]: 1
@stack_counts[
        exc_page_fault+678
        exc_page_fault+678
        asm_exc_page_fault+38
        __check_block_validity.constprop.0+33
        ext4_map_blocks+736
        ext4_getblk+157
        ext4_bread+15
        ext4_get_link+64
        step_into+1712
        path_openat+346
        do_filp_open+196
        do_sys_openat2+180
        __x64_sys_openat+85
        do_syscall_64+183
        entry_SYSCALL_64_after_hwframe+119
]: 1
@stack_counts[
        exc_page_fault+678
        exc_page_fault+678
        asm_exc_page_fault+38
        nvme_poll_cq+717
        nvme_irq+65
        __handle_irq_event_percpu+74
        handle_irq_event+62
        handle_edge_irq+157
        __common_interrupt+62
        common_interrupt+241
        asm_common_interrupt+38
        down_read_trylock+29
        lock_vma_under_rcu+106
        do_user_addr_fault+474
        exc_page_fault+209
        asm_exc_page_fault+38
]: 1
@stack_counts[
        exc_page_fault+678
        exc_page_fault+678
        asm_exc_page_fault+38
        nvme_poll_cq+717
        nvme_irq+65
        __handle_irq_event_percpu+74
        handle_irq_event+62
        handle_edge_irq+157
        __common_interrupt+62
        common_interrupt+241
        asm_common_interrupt+38
        __handle_mm_fault+268
        handle_mm_fault+226
        do_user_addr_fault+542
        exc_page_fault+209
        asm_exc_page_fault+38
]: 1
@stack_counts[
        exc_page_fault+678
        exc_page_fault+678
        asm_exc_page_fault+38
        __memset+15
        zero_user_segments.constprop.0+127
        ext4_mpage_readpages+986
        read_pages+103
        page_cache_ra_unbounded+466
        filemap_fault+803
        __do_fault+48
        do_fault+407
        __handle_mm_fault+1716
        handle_mm_fault+226
        do_user_addr_fault+542
        exc_page_fault+209
        asm_exc_page_fault+38
]: 1
@stack_counts[
        exc_page_fault+678
        exc_page_fault+678
        asm_exc_page_fault+38
        _copy_to_iter+219
        __skb_datagram_iter+123
        skb_copy_datagram_iter+52
        unix_stream_read_actor+30
        unix_stream_read_generic+790
        unix_stream_recvmsg+151
        sock_recvmsg+213
        sock_read_iter+147
        vfs_read+817
        ksys_read+193
        do_syscall_64+183
        entry_SYSCALL_64_after_hwframe+119
]: 1
@stack_counts[
        exc_page_fault+678
        exc_page_fault+678
        asm_exc_page_fault+38
        iowrite32+16
        nvkm_intr+131
        __handle_irq_event_percpu+74
        handle_irq_event+62
        handle_edge_irq+157
        __common_interrupt+62
        common_interrupt+241
        asm_common_interrupt+38
        _raw_spin_lock+27
        __pte_offset_map_lock+136
        ephmap_setup+228
        mm_init+891
        copy_process+4947
        kernel_clone+189
        __do_sys_clone+102
        do_syscall_64+183
        entry_SYSCALL_64_after_hwframe+119
]: 1
@stack_counts[
        exc_page_fault+678
        exc_page_fault+678
        asm_exc_page_fault+38
        iowrite32+16
        nvkm_intr+131
        __handle_irq_event_percpu+74
        handle_irq_event+62
        handle_edge_irq+157
        __common_interrupt+62
        common_interrupt+241
        asm_common_interrupt+38
        mas_store_b_node+272
        mas_wr_bnode+91
        mas_store_prealloc+422
        vma_complete+627
        __split_vma+635
        vms_gather_munmap_vmas+75
        __mmap_region+576
        do_mmap+1086
        vm_mmap_pgoff+250
        ksys_mmap_pgoff+324
        do_syscall_64+183
        entry_SYSCALL_64_after_hwframe+119
]: 1
@stack_counts[
        exc_page_fault+678
        exc_page_fault+678
        asm_exc_page_fault+38
        __ext4_get_inode_loc+94
        ext4_get_inode_loc+64
        ext4_reserve_inode_write+61
        __ext4_mark_inode_dirty+118
        ext4_dirty_inode+91
        __mark_inode_dirty+84
        generic_update_time+78
        file_update_time+133
        ext4_page_mkwrite+174
        do_page_mkwrite+74
        do_fault+468
        __handle_mm_fault+1716
        handle_mm_fault+226
        do_user_addr_fault+542
        exc_page_fault+209
        asm_exc_page_fault+38
]: 1
@stack_counts[
        exc_page_fault+678
        exc_page_fault+678
        asm_exc_page_fault+38
        _copy_to_iter+219
        __skb_datagram_iter+123
        skb_copy_datagram_iter+52
        netlink_recvmsg+211
        sock_recvmsg+213
        ____sys_recvmsg+151
        ___sys_recvmsg+201
        __sys_recvmsg+119
        do_syscall_64+183
        entry_SYSCALL_64_after_hwframe+119
]: 1
@stack_counts[
        exc_page_fault+678
        exc_page_fault+678
        asm_exc_page_fault+38
        nvme_poll_cq+717
        nvme_irq+65
        __handle_irq_event_percpu+74
        handle_irq_event+62
        handle_edge_irq+157
        __common_interrupt+62
        common_interrupt+241
        asm_common_interrupt+38
        unmap_page_range+1357
        zap_page_range_single+290
        do_madvise+3760
        __x64_sys_madvise+43
        do_syscall_64+183
        entry_SYSCALL_64_after_hwframe+119
]: 1
@stack_counts[
        exc_page_fault+678
        exc_page_fault+678
        asm_exc_page_fault+38
        iowrite32+16
        nvkm_intr+131
        __handle_irq_event_percpu+74
        handle_irq_event+62
        handle_edge_irq+157
        __common_interrupt+62
        common_interrupt+241
        asm_common_interrupt+38
        walk_to_pmd+140
        __get_locked_pte+31
        ephmap_setup+228
        mm_init+891
        copy_process+4947
        kernel_clone+189
        __do_sys_clone+102
        do_syscall_64+183
        entry_SYSCALL_64_after_hwframe+119
]: 1
@stack_counts[
        exc_page_fault+678
        exc_page_fault+678
        asm_exc_page_fault+38
        is_dx_dir+22
        ext4_readdir+107
        iterate_dir+287
        __x64_sys_getdents64+134
        do_syscall_64+183
        entry_SYSCALL_64_after_hwframe+119
]: 2
@stack_counts[
        exc_page_fault+678
        exc_page_fault+678
        asm_exc_page_fault+38
        __access_remote_vm+601
        proc_pid_cmdline_read+401
        vfs_read+246
        ksys_read+109
        do_syscall_64+183
        entry_SYSCALL_64_after_hwframe+119
]: 2
@stack_counts[
        exc_page_fault+678
        exc_page_fault+678
        asm_exc_page_fault+38
        copy_fpstate_to_sigframe+168
        get_sigframe+246
        x64_setup_rt_frame+108
        arch_do_signal_or_restart+450
        irqentry_exit_to_user_mode+437
        sysvec_call_function+111
        asm_sysvec_call_function+26
]: 3
@stack_counts[
        exc_page_fault+678
        exc_page_fault+678
        asm_exc_page_fault+38
        ext4_release_file+65
        __fput+220
        task_work_run+89
        syscall_exit_to_user_mode+510
        do_syscall_64+196
        entry_SYSCALL_64_after_hwframe+119
]: 3
@stack_counts[
        exc_page_fault+678
        exc_page_fault+678
        asm_exc_page_fault+38
        asi_map_gfp+1690
        asi_map_gfp+2565
        asi_map_alloced_pages+83
        __alloc_pages_noprof+527
        alloc_pages_mpol_noprof+215
        pte_alloc_one+30
        __pte_alloc+40
        __get_locked_pte+82
        ephmap_setup+228
        mm_init+891
        copy_process+4947
        kernel_clone+189
        __do_sys_clone+102
        do_syscall_64+183
        entry_SYSCALL_64_after_hwframe+119
]: 4
@stack_counts[
        exc_page_fault+678
        exc_page_fault+678
        asm_exc_page_fault+38
        iowrite32+16
        nvkm_intr+131
        __handle_irq_event_percpu+74
        handle_irq_event+62
        handle_edge_irq+157
        __common_interrupt+62
        common_interrupt+105
        asm_common_interrupt+38
]: 4
@stack_counts[
        exc_page_fault+678
        exc_page_fault+678
        asm_exc_page_fault+38
        igc_xmit_frame+2204
        dev_hard_start_xmit+97
        sch_direct_xmit+148
        __dev_queue_xmit+2511
        ip_finish_output2+733
        __ip_queue_xmit+371
        __tcp_transmit_skb+2738
        tcp_write_xmit+1256
        __tcp_push_pending_frames+54
        tcp_sendmsg_locked+2937
        tcp_sendmsg+43
        sock_write_iter+381
        vfs_write+948
        ksys_write+193
        do_syscall_64+183
        entry_SYSCALL_64_after_hwframe+119
]: 6
@stack_counts[
        exc_page_fault+678
        exc_page_fault+678
        asm_exc_page_fault+38
        _copy_to_iter+219
        get_random_bytes_user+173
        __x64_sys_getrandom+132
        do_syscall_64+183
        entry_SYSCALL_64_after_hwframe+119
]: 6
@stack_counts[
        exc_page_fault+678
        exc_page_fault+678
        asm_exc_page_fault+38
        __ext4_find_entry+240
        ext4_lookup+419
        __lookup_slow+134
        walk_component+219
        path_lookupat+106
        filename_lookup+222
        vfs_statx+145
        vfs_fstatat+128
        __do_sys_newfstatat+60
        do_syscall_64+183
        entry_SYSCALL_64_after_hwframe+119
]: 7
@stack_counts[
        exc_page_fault+678
        exc_page_fault+678
        asm_exc_page_fault+38
        copy_fpstate_to_sigframe+247
        get_sigframe+246
        x64_setup_rt_frame+108
        arch_do_signal_or_restart+450
        syscall_exit_to_user_mode+433
        do_syscall_64+196
        entry_SYSCALL_64_after_hwframe+119
]: 10
@stack_counts[
        exc_page_fault+678
        exc_page_fault+678
        asm_exc_page_fault+38
        ext4_da_get_block_prep+117
        __block_write_begin_int+348
        block_page_mkwrite+224
        ext4_page_mkwrite+1318
        do_page_mkwrite+74
        do_fault+468
        __handle_mm_fault+1716
        handle_mm_fault+226
        do_user_addr_fault+542
        exc_page_fault+209
        asm_exc_page_fault+38
]: 12
@stack_counts[
        exc_page_fault+678
        exc_page_fault+678
        asm_exc_page_fault+38
        _ext4_show_options.isra.0+1812
        ext4_show_options+20
        show_mountinfo+530
        seq_read_iter+696
        vfs_read+679
        ksys_read+109
        do_syscall_64+183
        entry_SYSCALL_64_after_hwframe+119
]: 19
@stack_counts[
        exc_page_fault+678
        exc_page_fault+678
        asm_exc_page_fault+38
        __check_block_validity.constprop.0+33
        ext4_map_blocks+736
        ext4_getblk+157
        ext4_bread+15
        ext4_get_link+64
        step_into+1712
        link_path_walk.part.0.constprop.0+473
        path_lookupat+62
        filename_lookup+222
        vfs_statx+145
        vfs_fstatat+128
        __do_sys_newfstatat+60
        do_syscall_64+183
        entry_SYSCALL_64_after_hwframe+119
]: 20
@stack_counts[
        exc_page_fault+678
        exc_page_fault+678
        asm_exc_page_fault+38
        __check_block_validity.constprop.0+33
        ext4_map_blocks+736
        ext4_getblk+157
        ext4_bread+15
        ext4_get_link+64
        step_into+1712
        path_openat+346
        do_filp_open+196
        do_open_execat+91
        alloc_bprm+33
        do_execveat_common.isra.0+146
        __x64_sys_execve+54
        do_syscall_64+183
        entry_SYSCALL_64_after_hwframe+119
]: 20
@stack_counts[
        exc_page_fault+678
        exc_page_fault+678
        asm_exc_page_fault+38
        __ext4_get_inode_loc+94
        ext4_get_inode_loc+64
        ext4_xattr_ibody_get+117
        ext4_xattr_get+133
        __vfs_getxattr+127
        cap_inode_need_killpriv+30
        security_inode_need_killpriv+40
        dentry_needs_remove_privs+56
        do_truncate+109
        do_ftruncate+260
        do_sys_ftruncate+65
        do_syscall_64+183
        entry_SYSCALL_64_after_hwframe+119
]: 21
@stack_counts[
        exc_page_fault+678
        exc_page_fault+678
        asm_exc_page_fault+38
        __check_block_validity.constprop.0+33
        ext4_map_blocks+736
        ext4_getblk+157
        ext4_bread+15
        ext4_get_link+64
        step_into+1712
        link_path_walk.part.0.constprop.0+473
        path_openat+155
        do_filp_open+196
        do_sys_openat2+180
        __x64_sys_openat+85
        do_syscall_64+183
        entry_SYSCALL_64_after_hwframe+119
]: 21
@stack_counts[
        exc_page_fault+678
        exc_page_fault+678
        asm_exc_page_fault+38
        _copy_to_iter+219
        copy_page_to_iter+121
        pipe_read+326
        vfs_read+817
        ksys_read+193
        do_syscall_64+183
        entry_SYSCALL_64_after_hwframe+119
]: 22
@stack_counts[
        exc_page_fault+678
        exc_page_fault+678
        asm_exc_page_fault+38
        nvme_poll_cq+717
        nvme_irq+65
        __handle_irq_event_percpu+74
        handle_irq_event+62
        handle_edge_irq+157
        __common_interrupt+62
        common_interrupt+105
        asm_common_interrupt+38
]: 35
@stack_counts[
        exc_page_fault+678
        exc_page_fault+678
        asm_exc_page_fault+38
        __check_block_validity.constprop.0+33
        ext4_map_blocks+736
        ext4_getblk+157
        ext4_bread+15
        ext4_get_link+64
        step_into+1712
        path_lookupat+106
        filename_lookup+222
        user_path_at+86
        do_faccessat+257
        do_syscall_64+183
        entry_SYSCALL_64_after_hwframe+119
]: 38
@stack_counts[
        exc_page_fault+678
        exc_page_fault+678
        asm_exc_page_fault+38
        _copy_from_iter+219
        copy_page_from_iter+113
        pipe_write+332
        vfs_write+948
        ksys_write+193
        do_syscall_64+183
        entry_SYSCALL_64_after_hwframe+119
]: 41
@stack_counts[
        exc_page_fault+678
        exc_page_fault+678
        asm_exc_page_fault+38
        strncpy_from_user+97
        getname_flags.part.0+70
        do_sys_openat2+130
        __x64_sys_openat+85
        do_syscall_64+183
        entry_SYSCALL_64_after_hwframe+119
]: 45
@stack_counts[
        exc_page_fault+678
        exc_page_fault+678
        asm_exc_page_fault+38
        lookup_nulls_elem_raw+29
        bpf_prog_e8932b6bae2b9745_restrict_filesystems+183
        bpf_trampoline_6442508211+88
        bpf_lsm_file_open+9
        security_file_open+287
        do_dentry_open+233
        vfs_open+46
        path_openat+2113
        do_filp_open+196
        do_open_execat+91
        alloc_bprm+33
        do_execveat_common.isra.0+146
        __x64_sys_execve+54
        do_syscall_64+183
        entry_SYSCALL_64_after_hwframe+119
]: 47
@stack_counts[
        exc_page_fault+678
        exc_page_fault+678
        asm_exc_page_fault+38
        ext4_da_get_block_prep+117
        __block_write_begin_int+348
        block_page_mkwrite+224
        ext4_page_mkwrite+1318
        do_page_mkwrite+74
        do_wp_page+1225
        __handle_mm_fault+2902
        handle_mm_fault+226
        do_user_addr_fault+542
        exc_page_fault+209
        asm_exc_page_fault+38
]: 47
@stack_counts[
        exc_page_fault+678
        exc_page_fault+678
        asm_exc_page_fault+38
        ext4_get_link+120
        step_into+1485
        path_lookupat+106
        filename_lookup+222
        vfs_statx+145
        vfs_fstatat+128
        __do_sys_newfstatat+60
        do_syscall_64+183
        entry_SYSCALL_64_after_hwframe+119
]: 53
@stack_counts[
        exc_page_fault+678
        exc_page_fault+678
        asm_exc_page_fault+38
        __check_block_validity.constprop.0+33
        ext4_map_blocks+736
        ext4_getblk+157
        ext4_bread+15
        ext4_get_link+64
        step_into+1712
        path_lookupat+106
        filename_lookup+222
        vfs_statx+145
        vfs_fstatat+128
        __do_sys_newfstatat+60
        do_syscall_64+183
        entry_SYSCALL_64_after_hwframe+119
]: 58
@stack_counts[
        exc_page_fault+678
        exc_page_fault+678
        asm_exc_page_fault+38
        __check_block_validity.constprop.0+33
        ext4_map_blocks+736
        ext4_getblk+157
        ext4_bread+15
        ext4_get_link+64
        step_into+1712
        link_path_walk.part.0.constprop.0+558
        path_openat+155
        do_filp_open+196
        do_sys_openat2+180
        __x64_sys_openat+85
        do_syscall_64+183
        entry_SYSCALL_64_after_hwframe+119
]: 59
@stack_counts[
        exc_page_fault+678
        exc_page_fault+678
        asm_exc_page_fault+38
        ext4_release_file+65
        __fput+220
        __x64_sys_close+60
        do_syscall_64+183
        entry_SYSCALL_64_after_hwframe+119
]: 108
@stack_counts[
        exc_page_fault+678
        exc_page_fault+678
        asm_exc_page_fault+38
        _copy_to_iter+219
        copy_page_to_iter+121
        filemap_read+478
        vfs_read+679
        __x64_sys_pread64+164
        do_syscall_64+183
        entry_SYSCALL_64_after_hwframe+119
]: 170
@stack_counts[
        exc_page_fault+678
        exc_page_fault+678
        asm_exc_page_fault+38
        __ext4_get_inode_loc+94
        ext4_get_inode_loc+64
        ext4_reserve_inode_write+61
        __ext4_mark_inode_dirty+118
        ext4_dirty_inode+91
        __mark_inode_dirty+84
        generic_update_time+78
        file_update_time+133
        ext4_page_mkwrite+174
        do_page_mkwrite+74
        do_wp_page+1225
        __handle_mm_fault+2902
        handle_mm_fault+226
        do_user_addr_fault+542
        exc_page_fault+209
        asm_exc_page_fault+38
]: 171
@stack_counts[
        exc_page_fault+678
        exc_page_fault+678
        asm_exc_page_fault+38
        ext4_meta_trans_blocks+104
        ext4_do_writepages+1455
        ext4_writepages+173
        do_writepages+126
        filemap_fdatawrite_wbc+103
        __filemap_fdatawrite_range+96
        file_write_and_wait_range+68
        ext4_sync_file+142
        do_fsync+58
        __x64_sys_fsync+19
        do_syscall_64+183
        entry_SYSCALL_64_after_hwframe+119
]: 337
@stack_counts[
        exc_page_fault+678
        exc_page_fault+678
        asm_exc_page_fault+38
        _copy_to_iter+219
        copy_page_to_iter+121
        filemap_read+478
        vfs_read+679
        ksys_read+109
        do_syscall_64+183
        entry_SYSCALL_64_after_hwframe+119
]: 560
@stack_counts[
        exc_page_fault+678
        exc_page_fault+678
        asm_exc_page_fault+38
        copy_mc_enhanced_fast_string+10
        do_fault+279
        __handle_mm_fault+1716
        handle_mm_fault+226
        do_user_addr_fault+542
        exc_page_fault+209
        asm_exc_page_fault+38
]: 1392
@stack_counts[
        exc_page_fault+678
        exc_page_fault+678
        asm_exc_page_fault+38
        clear_page_erms+11
        shmem_get_folio_gfp+1023
        shmem_fault+134
        __do_fault+48
        do_fault+407
        __handle_mm_fault+1716
        handle_mm_fault+226
        do_user_addr_fault+542
        exc_page_fault+209
        asm_exc_page_fault+38
]: 3630
@stack_counts[
        exc_page_fault+678
        exc_page_fault+678
        asm_exc_page_fault+38
        lookup_nulls_elem_raw+29
        bpf_prog_e8932b6bae2b9745_restrict_filesystems+183
        bpf_trampoline_6442508211+88
        bpf_lsm_file_open+9
        security_file_open+287
        do_dentry_open+233
        vfs_open+46
        path_openat+2113
        do_filp_open+196
        do_sys_openat2+180
        __x64_sys_openat+85
        do_syscall_64+183
        entry_SYSCALL_64_after_hwframe+119
]: 5633
@stack_counts[
        exc_page_fault+678
        exc_page_fault+678
        asm_exc_page_fault+38
        copy_mc_enhanced_fast_string+10
        do_wp_page+555
        __handle_mm_fault+2902
        handle_mm_fault+226
        do_user_addr_fault+542
        exc_page_fault+209
        asm_exc_page_fault+38
]: 5812
@stack_counts[
        exc_page_fault+678
        exc_page_fault+678
        asm_exc_page_fault+38
        clear_page_erms+11
        shmem_get_folio_gfp+1023
        shmem_fault+134
        __do_fault+48
        do_fault+407
        __handle_mm_fault+1716
        handle_mm_fault+226
        do_user_addr_fault+344
        exc_page_fault+209
        asm_exc_page_fault+38
]: 7122
@stack_counts[
        exc_page_fault+678
        exc_page_fault+678
        asm_exc_page_fault+38
        copy_page_from_iter_atomic+313
        generic_perform_write+340
        shmem_file_write_iter+138
        vfs_write+670
        ksys_write+109
        do_syscall_64+183
        entry_SYSCALL_64_after_hwframe+119
]: 515994
@total_exits: 541563
